MPASM 5.76                    COMPARATOR.ASM   3-22-2018  23:42:46         PAGE  1


LOC  OBJECT CODE     LINE SOURCE TEXT
  VALUE

                      00001 ;Author: DarshanaAriyarathna || darshana.uop@gmail.com || +94774901245
                      00002     processor   16f877a                 ;Initialize the processor
                      00003     #include    <p16f877a.inc>          ;Include library
                      00001         LIST
                      00002 
                      00003 ;==========================================================================
                      00004 ; Build date : Sep 19 2017
                      00005 ;  MPASM PIC16F877A processor include
                      00006 ; 
                      00007 ;  (c) Copyright 1999-2017 Microchip Technology, All rights reserved
                      00008 ;==========================================================================
                      00009 
                      00567         LIST
                      00004 
                      00005 
                      00006     org     0x00;
  00000020            00007 TIMER1  EQU     0x20
  00000021            00008 TIMER2  EQU     0x21
  00000022            00009 DISP    EQU     0x22
                      00010 
  0000003C            00011 K4          equ 0x3C
  00000023            00012 K3          EQU 0x23
  00000024            00013 K2          EQU 0x24
  00000025            00014 K1          EQU 0x25
  00000026            00015 K0          EQU 0x26
                      00016 
  00000027            00017 HIGH_BIT_COPPY  EQU 0x27
  00000028            00018 LOW_BIT_COPPY   EQU 0x28
  00000029            00019 NEWS    EQU     0x29
                      00020     
                      00021     
  0000002A            00022 NORTH_H         EQU     0x2A
  0000002B            00023 NORTH_L         EQU     0x2B
  0000002C            00024 EAST_H          EQU     0x2C
  0000002D            00025 EAST_L          EQU     0x2D
  0000002E            00026 SOUTH_H         EQU     0x2E
  0000002F            00027 SOUTH_L         EQU     0x2F
  00000030            00028 WEST_H          EQU     0x30
  00000031            00029 WEST_L          EQU     0x31
                      00030   
  00000032            00031 NORTH_H_ZERO    EQU     0x32
  00000033            00032 NORTH_L_ZERO    EQU     0x33
  00000034            00033 EAST_H_ZERO     EQU     0x34
  00000035            00034 EAST_L_ZERO     EQU     0x35
  00000036            00035 SOUTH_H_ZERO    EQU     0x36
  00000037            00036 SOUTH_L_ZERO    EQU     0x37
  00000038            00037 WEST_H_ZERO     EQU     0x38
  00000039            00038 WEST_L_ZERO     EQU     0x39
                      00039 
  0000003A            00040 ADDITION_H      EQU     0x3A
  0000003B            00041 ADDITION_L      EQU     0x3B
                      00042         ;0x3C IS USED
  0000003D            00043 ANGLE_H         EQU     0x3D
MPASM 5.76                    COMPARATOR.ASM   3-22-2018  23:42:46         PAGE  2


LOC  OBJECT CODE     LINE SOURCE TEXT
  VALUE

  0000003E            00044 ANGLE_L         EQU     0x3E
                      00045                 
  0000003F            00046 ANGLE_REF_H     EQU     0x3F
  00000040            00047 ANGLE_REF_L     EQU     0x40
                      00048                 
                      00049     
0000   2???           00050     GOTO        Main
                      00051     ORG 0x04                        ;origin vector of interrupt
0004   2???           00052     GOTO        SET_ZERO
                      00053 
0005                  00054 Main:
0005   2???           00055    CALL    INITIALIZE_IC
0006   2???           00056    CALL    SET_VALUES_TO_ZERO
0007   2???           00057    CALL    INITIALIZE_ADC
0008   2???           00058    CALL    INITIALIZE_LCD
0009   2???           00059    CALL    COMPARE_SETTINGS
                      00060 
000A                  00061 T
000A   2???           00062    CALL     displayClear
000B   2???           00063    CALL     GET_VALUES
000C   2???           00064    CALL     COMPARE
000D   2???           00065    CALL     CALCULATIONS
000E   2???           00066    CALL     PRINT_ANGLE
000F   2???           00067    CALL     WAIT
                      00068    
0010   2???           00069    GOTO     T
                      00070    
                      00071    ;++++++++++++++++++++++++++++++++++++++++++++++++++++++++++++++++++++++++++++++++++++++++++++++++++++
                            +++++++++++
0011                  00072 COMPARE
0011   2???           00073    CALL     COMPARISION
                      00074  
0012   0008           00075    RETURN
0013                  00076 PRINT_ANGLE
                      00077    ;=====================================
                      00078     ;CALL    set_DDRAM_address_to_line2
                      00079 
0013   083F           00080     MOVF    ANGLE_REF_H,0
0014   00A7           00081     MOVWF   HIGH_BIT_COPPY
                      00082     
0015   0840           00083     MOVF    ANGLE_REF_L,0
0016   00A8           00084     MOVWF   LOW_BIT_COPPY
                      00085     
0017   2???           00086     CALL    PRINT_ER
0018   30DF           00087     MOVLW   b'11011111'
0019   2???           00088     CALL    PRINT_CHAR
                      00089    ;======================================
Warning[203]: Found opcode in column 1. (RETURN)
001A   0008           00090 RETURN
                      00091 
001B                  00092 COMPARISION
001B   2???           00093    CALL     GO_BANK_1
Message[302]: Register in operand not in bank 0.  Ensure that bank bits are correct.
MPASM 5.76                    COMPARATOR.ASM   3-22-2018  23:42:46         PAGE  3


LOC  OBJECT CODE     LINE SOURCE TEXT
  VALUE

001C   1B9C           00094    BTFSC    CMCON,7
001D   2???           00095         GOTO    WD
001E   2???           00096         GOTO    ED
001F                  00097 WD
001F   2???           00098         CALL        GO_BANK_1
Message[302]: Register in operand not in bank 0.  Ensure that bank bits are correct.
0020   1B1C           00099         BTFSC    CMCON,6
0021   2???           00100             GOTO        SW
0022   2???           00101             GOTO        NW
                      00102         
0023                  00103 ED
0023   2???           00104         CALL        GO_BANK_1
Message[302]: Register in operand not in bank 0.  Ensure that bank bits are correct.
0024   1B1C           00105         BTFSC    CMCON,6
0025   2???           00106             GOTO        ES
0026   2???           00107             GOTO        NE
                      00108         
0027                  00109 NE                              ;N AND E ARE MAX
0027   2???           00110         CALL    GO_BANK_0
0028   305B           00111         MOVLW   '['
0029   2???           00112         CALL    PRINT_CHAR
002A   3053           00113         MOVLW   'S'
002B   2???           00114         CALL    PRINT_CHAR
002C   3057           00115         MOVLW   'W'
002D   2???           00116         CALL    PRINT_CHAR
002E   305D           00117         MOVLW   ']'
002F   2???           00118         CALL    PRINT_CHAR
                      00119         
0030   01AE           00120         CLRF    SOUTH_H
0031   01AF           00121         CLRF    SOUTH_L
0032   01B0           00122         CLRF    WEST_H
0033   01B1           00123         CLRF    WEST_L
                      00124         
0034   30B4           00125         MOVLW   d'180'
0035   00C0           00126         MOVWF   ANGLE_REF_L
0036   3000           00127         MOVLW   d'0'
0037   00BF           00128         MOVWF   ANGLE_REF_H
                      00129         
                      00130         
0038   2???           00131         GOTO    ENDZ_CMP
0039                  00132 ES                              ;S AND E ARE MAX
0039   2???           00133         CALL    GO_BANK_0
003A   305B           00134         MOVLW   '['
003B   2???           00135         CALL    PRINT_CHAR
003C   304E           00136         MOVLW   'N'
003D   2???           00137         CALL    PRINT_CHAR
003E   3057           00138         MOVLW   'W'
003F   2???           00139         CALL    PRINT_CHAR
0040   305D           00140         MOVLW   ']'
0041   2???           00141         CALL    PRINT_CHAR
                      00142         
0042   01AA           00143         CLRF    NORTH_H
0043   01AB           00144         CLRF    NORTH_L
MPASM 5.76                    COMPARATOR.ASM   3-22-2018  23:42:46         PAGE  4


LOC  OBJECT CODE     LINE SOURCE TEXT
  VALUE

0044   01B0           00145         CLRF    WEST_H
0045   01B1           00146         CLRF    WEST_L
                      00147         
0046   300E           00148         MOVLW   b'00001110'
0047   00C0           00149         MOVWF   ANGLE_REF_L
0048   3001           00150         MOVLW   d'00000001'
0049   00BF           00151         MOVWF   ANGLE_REF_H
                      00152         
                      00153         
004A   2???           00154         GOTO    ENDZ_CMP
004B                  00155 NW                              ;N AND W ARE MAX
004B   2???           00156         CALL    GO_BANK_0
004C   305B           00157         MOVLW   '['
004D   2???           00158         CALL    PRINT_CHAR
004E   3045           00159         MOVLW   'E'
004F   2???           00160         CALL    PRINT_CHAR
0050   3053           00161         MOVLW   'S'
0051   2???           00162         CALL    PRINT_CHAR
0052   305D           00163         MOVLW   ']'
0053   2???           00164         CALL    PRINT_CHAR
                      00165         
0054   01AE           00166         CLRF    SOUTH_H
0055   01AF           00167         CLRF    SOUTH_L
0056   01AC           00168         CLRF    EAST_H
0057   01AD           00169         CLRF    EAST_L
                      00170         
0058   305A           00171         MOVLW   d'90'
0059   00C0           00172         MOVWF   ANGLE_REF_L
005A   3000           00173         MOVLW   d'0'
005B   00BF           00174         MOVWF   ANGLE_REF_H
                      00175         
005C   2???           00176         GOTO    ENDZ_CMP
005D                  00177 SW                              ;S AND W ARE MAX
005D   2???           00178         CALL    GO_BANK_0
005E   305B           00179         MOVLW   '['
005F   2???           00180         CALL    PRINT_CHAR
                      00181                 
0060   304E           00182         MOVLW   'N'
0061   2???           00183         CALL    PRINT_CHAR
0062   3045           00184         MOVLW   'E'
0063   2???           00185         CALL    PRINT_CHAR
0064   305D           00186         MOVLW   ']'
0065   2???           00187         CALL    PRINT_CHAR
                      00188         
0066   01AA           00189         CLRF    NORTH_H
0067   01AB           00190         CLRF    NORTH_L
0068   01AC           00191         CLRF    EAST_H
0069   01AD           00192         CLRF    EAST_L
                      00193         
                      00194         
006A   3000           00195         MOVLW   d'0'
006B   00C0           00196         MOVWF   ANGLE_REF_L
006C   3000           00197         MOVLW   d'0'
MPASM 5.76                    COMPARATOR.ASM   3-22-2018  23:42:46         PAGE  5


LOC  OBJECT CODE     LINE SOURCE TEXT
  VALUE

006D   00BF           00198         MOVWF   ANGLE_REF_H
                      00199         
                      00200         
006E   2???           00201         GOTO    ENDZ_CMP
006F                  00202 ENDZ_CMP
006F   0008           00203    RETURN
0070                  00204 COMPARE_SETTINGS
0070   2???           00205    CALL     GO_BANK_1
Message[302]: Register in operand not in bank 0.  Ensure that bank bits are correct.
0071   129C           00206         BCF CMCON,5
Message[302]: Register in operand not in bank 0.  Ensure that bank bits are correct.
0072   121C           00207         BCF CMCON,4
                      00208         
Message[302]: Register in operand not in bank 0.  Ensure that bank bits are correct.
0073   111C           00209         BCF CMCON,2
Message[302]: Register in operand not in bank 0.  Ensure that bank bits are correct.
0074   149C           00210         BSF CMCON,1
Message[302]: Register in operand not in bank 0.  Ensure that bank bits are correct.
0075   101C           00211         BCF CMCON,0
0076   2???           00212    CALL     GO_BANK_0
                      00213    
0077   0008           00214    RETURN
                      00215    
0078                  00216 CALCULATIONS
0078   2???           00217     CALL    SUBSTRACT
0079   2???           00218     CALL    ADDITION_OF_FOUR
                      00219     
007A   0008           00220     RETURN
                      00221     
007B                  00222 PRINT_ER
                      00223    
007B   2???           00224     GOTO    PROCESS_HIGH_VALUE
007C                  00225 X
007C   2???           00226     CALL    PRINT_K_VALUES
007D   2???           00227     CALL    K_VALUES_TO_ZERO
                      00228     ;CALL    set_DDRAM_address_to_line1
                      00229 
007E   0008           00230     RETURN
                      00231     
007F                  00232 ADDITION_ZERO
007F   01BA           00233     CLRF    ADDITION_H
0080   01BB           00234     CLRF    ADDITION_L
                      00235 
0081   0008           00236     RETURN
                      00237     
0082                  00238 ADDITION_OF_FOUR
0082   2???           00239     CALL    ADDITION_ZERO  
0083   1003           00240     BCF     STATUS,0
                      00241 
0084   082B           00242     MOVF    NORTH_L,0
0085   07BB           00243     ADDWF   ADDITION_L,1
0086   1803           00244     BTFSC   STATUS,0
0087   2???           00245             GOTO    A1N
MPASM 5.76                    COMPARATOR.ASM   3-22-2018  23:42:46         PAGE  6


LOC  OBJECT CODE     LINE SOURCE TEXT
  VALUE

0088   2???           00246             GOTO    A2N
0089                  00247 A1N
0089   3001           00248             MOVLW   d'1'
008A   2???           00249             GOTO    T2N
008B                  00250 A2N
008B   3000           00251             MOVLW   d'0'
008C   2???           00252             GOTO    T2N
008D                  00253 T2N
008D   07BA           00254     ADDWF   ADDITION_H,1
008E   082A           00255     MOVF    NORTH_H,0
008F   07BA           00256     ADDWF   ADDITION_H,1
                      00257 ;-----------------------------------------------------
                      00258     
0090   082D           00259     MOVF    EAST_L,0
0091   07BB           00260     ADDWF   ADDITION_L,1
0092   1803           00261     BTFSC   STATUS,0
0093   2???           00262             GOTO    A1E
0094   2???           00263             GOTO    A2E
0095                  00264 A1E
0095   3001           00265             MOVLW   d'1'
0096   2???           00266             GOTO    T2E
0097                  00267 A2E
0097   3000           00268             MOVLW   d'0'
0098   2???           00269             GOTO    T2E
0099                  00270 T2E
0099   07BA           00271     ADDWF   ADDITION_H,1
009A   082C           00272     MOVF    EAST_H,0
009B   07BA           00273     ADDWF   ADDITION_H,1
                      00274 ;-----------------------------------------------------
                      00275     
009C   082F           00276     MOVF    SOUTH_L,0
009D   07BB           00277     ADDWF   ADDITION_L,1
009E   1803           00278     BTFSC   STATUS,0
009F   2???           00279             GOTO    A1S
00A0   2???           00280             GOTO    A2S
00A1                  00281 A1S
00A1   3001           00282             MOVLW   d'1'
00A2   2???           00283             GOTO    T2S
00A3                  00284 A2S
00A3   3000           00285             MOVLW   d'0'
00A4   2???           00286             GOTO    T2S
00A5                  00287 T2S
00A5   07BA           00288     ADDWF   ADDITION_H,1
00A6   082E           00289     MOVF    SOUTH_H,0
00A7   07BA           00290     ADDWF   ADDITION_H,1
                      00291 
                      00292 ;-----------------------------------------------------
                      00293 
00A8   0831           00294     MOVF    WEST_L,0
00A9   07BB           00295     ADDWF   ADDITION_L,1
00AA   1803           00296     BTFSC   STATUS,0
00AB   2???           00297             GOTO    A1W
00AC   2???           00298             GOTO    A2W
MPASM 5.76                    COMPARATOR.ASM   3-22-2018  23:42:46         PAGE  7


LOC  OBJECT CODE     LINE SOURCE TEXT
  VALUE

00AD                  00299 A1W
00AD   3001           00300             MOVLW   d'1'
00AE   2???           00301             GOTO    T2W
00AF                  00302 A2W
00AF   3000           00303             MOVLW   d'0'
00B0   2???           00304             GOTO    T2W
00B1                  00305 T2W    
00B1   07BA           00306             ADDWF   ADDITION_H,1
00B2   0830           00307     MOVF    WEST_H,0
00B3   07BA           00308     ADDWF   ADDITION_H,1
                      00309     
                      00310     ;=====================================
00B4   083A           00311     MOVF    ADDITION_H,0
00B5   00A7           00312     MOVWF   HIGH_BIT_COPPY
                      00313     
00B6   083B           00314     MOVF    ADDITION_L,0
00B7   00A8           00315     MOVWF   LOW_BIT_COPPY
                      00316     
00B8   2???           00317     CALL    PRINT_ER
                      00318    ;======================================
                      00319    
00B9   0008           00320     RETURN
00BA                  00321 SUBSTRACT
00BA   138B           00322         BCF     INTCON,7
00BB   2???           00323         CALL    SUBSTRACT_N
00BC   2???           00324         CALL    SUBSTRACT_E
00BD   2???           00325         CALL    SUBSTRACT_S
00BE   2???           00326         CALL    SUBSTRACT_W
00BF   178B           00327         BSF     INTCON,7
00C0   0008           00328         RETURN
                      00329 
00C1                  00330 SUBSTRACT_N
                      00331 
00C1   0833           00332         MOVF    NORTH_L_ZERO,0
00C2   02AB           00333         SUBWF   NORTH_L,1
                      00334         
00C3   1903           00335         BTFSC   STATUS,2
00C4   3001           00336             MOVLW   d'1'
00C5   3000           00337             MOVLW   d'0'
00C6   02AA           00338         SUBWF   NORTH_H,1
00C7   0832           00339         MOVF    NORTH_H_ZERO,0
00C8   02AA           00340         SUBWF   NORTH_H,1
00C9   0008           00341     RETURN
                      00342     
                      00343     ;------------------------------------------------------------------------------
00CA                  00344 SUBSTRACT_E
                      00345 
00CA   0835           00346         MOVF    EAST_L_ZERO,0
00CB   02AD           00347         SUBWF   EAST_L,1
                      00348         
00CC   1903           00349         BTFSC   STATUS,2
00CD   3001           00350             MOVLW   d'1'
00CE   3000           00351             MOVLW   d'0'
MPASM 5.76                    COMPARATOR.ASM   3-22-2018  23:42:46         PAGE  8


LOC  OBJECT CODE     LINE SOURCE TEXT
  VALUE

00CF   02AC           00352         SUBWF   EAST_H,1
                      00353         
00D0   0834           00354         MOVF    EAST_H_ZERO,0
00D1   02AC           00355         SUBWF   EAST_H,1
00D2   0008           00356         RETURN
                      00357 
                      00358     ;------------------------------------------------------------------------------
00D3                  00359 SUBSTRACT_S
                      00360         
00D3   0837           00361         MOVF    SOUTH_L_ZERO,0
00D4   02AF           00362         SUBWF   SOUTH_L,1
                      00363         
00D5   1903           00364         BTFSC   STATUS,2
00D6   3001           00365             MOVLW   d'1'
00D7   3000           00366             MOVLW   d'0'
00D8   02AE           00367         SUBWF   SOUTH_H,1
                      00368         
00D9   0836           00369         MOVF    SOUTH_H_ZERO,0
00DA   02AE           00370         SUBWF   SOUTH_H,1
00DB   0008           00371         RETURN
                      00372     
                      00373     ;------------------------------------------------------------------------------
00DC                  00374 SUBSTRACT_W
                      00375         
00DC   0839           00376         MOVF    WEST_L_ZERO,0
00DD   02B1           00377         SUBWF   WEST_L,1
                      00378         
00DE   1903           00379         BTFSC   STATUS,2
00DF   3001           00380             MOVLW   d'1'
00E0   3000           00381             MOVLW   d'0'
00E1   02B0           00382         SUBWF   WEST_H,1
                      00383         
00E2   0838           00384         MOVF    WEST_H_ZERO,0
00E3   02B0           00385         SUBWF   WEST_H,1
00E4   0008           00386         RETURN
                      00387     
                      00388     ;------------------------------------------------------------------------------
                      00389 ;+++++++++++++++++++++++++++++++++++++++++++++++++++++++++++++++++++++++++++++++++++++++++++++++++++++++
                            ++++++++
00E5                  00390 SET_VALUES_TO_ZERO
00E5   3000           00391     MOVLW    b'00000000'
00E6   00B2           00392     MOVWF    NORTH_H_ZERO
00E7   3000           00393     MOVLW    b'00000000'
00E8   00B3           00394     MOVWF    NORTH_L_ZERO
                      00395     
00E9   3000           00396     MOVLW    b'00000000'
00EA   00B4           00397     MOVWF    EAST_H_ZERO
00EB   3000           00398     MOVLW    b'00000000'
00EC   00B5           00399     MOVWF    EAST_L_ZERO
                      00400     
00ED   3000           00401     MOVLW    b'00000000'
00EE   00B6           00402     MOVWF    SOUTH_H_ZERO
00EF   3000           00403     MOVLW    b'00000000'
MPASM 5.76                    COMPARATOR.ASM   3-22-2018  23:42:46         PAGE  9


LOC  OBJECT CODE     LINE SOURCE TEXT
  VALUE

00F0   00B7           00404     MOVWF    SOUTH_L_ZERO
                      00405     
00F1   3000           00406     MOVLW    b'00000000'
00F2   00B8           00407     MOVWF    WEST_H_ZERO
00F3   3000           00408     MOVLW    b'00000000'
00F4   00B9           00409     MOVWF    WEST_L_ZERO
00F5   0008           00410    RETURN
                      00411 
                      00412     
                      00413     ;+++++++++++++++++++++++++++++++++++++++++++++++++++++++++++++++++++++++++++++++++++++++++++++++++++
                            ++++++++++++
00F6                  00414 SET_ZERO
00F6   138B           00415         BCF         INTCON,7
00F7   2???           00416         CALL        PRINT_SET_ZERO
00F8   108B           00417         BCF         INTCON,1
00F9   178B           00418         BSF         INTCON,7
00FA   0009           00419         RETFIE
                      00420     
00FB                  00421 PRINT_SET_ZERO
00FB   2???           00422         CALL    set_DDRAM_address_to_line1
00FC   3053           00423         MOVLW   'S'
00FD   2???           00424         CALL    PRINT_CHAR
00FE   3045           00425         MOVLW   'E'
00FF   2???           00426         CALL    PRINT_CHAR
0100   3054           00427         MOVLW   'T'
0101   2???           00428         CALL    PRINT_CHAR
0102   3020           00429         MOVLW   ' '
0103   2???           00430         CALL    PRINT_CHAR
0104   305A           00431         MOVLW   'Z'
0105   2???           00432         CALL    PRINT_CHAR
0106   3045           00433         MOVLW   'E'
0107   2???           00434         CALL    PRINT_CHAR
0108   3052           00435         MOVLW   'R'
0109   2???           00436         CALL    PRINT_CHAR
010A   304F           00437         MOVLW   'O'
010B   2???           00438         CALL    PRINT_CHAR
010C   3020           00439         MOVLW   ' '
010D   2???           00440         CALL    PRINT_CHAR
                      00441         
010E   2???           00442         CALL    GET_ZERO
010F   2???           00443         CALL    WAIT
0110   2???           00444         CALL    displayClear
0111   0008           00445         RETURN
                      00446     
0112                  00447 GET_ZERO
0112   2???           00448         CALL    SET_ANALOG_CH0
0113   2???           00449         CALL    START_CONVERSON
0114                  00450 LOOP_N
0114   191F           00451         BTFSC   ADCON0,2
0115   2???           00452             GOTO    LOOP_N
0116   081E           00453                 MOVF    ADRESH,0
0117   00B2           00454                 MOVWF   NORTH_H_ZERO
0118   2???           00455             CALL        GO_BANK_1
MPASM 5.76                    COMPARATOR.ASM   3-22-2018  23:42:46         PAGE 10


LOC  OBJECT CODE     LINE SOURCE TEXT
  VALUE

Message[302]: Register in operand not in bank 0.  Ensure that bank bits are correct.
0119   081E           00456                 MOVF    ADRESL,0
011A   2???           00457             CALL        GO_BANK_0
011B   00B3           00458                 MOVWF   NORTH_L_ZERO
011C   304E           00459         MOVLW   'N'
011D   2???           00460         CALL    PRINT_CHAR
                      00461         ;-----------------------------
011E   2???           00462         CALL    SET_ANALOG_CH1
011F   2???           00463         CALL    START_CONVERSON
0120                  00464 LOOP_E
0120   191F           00465         BTFSC   ADCON0,2
0121   2???           00466             GOTO    LOOP_E
0122   081E           00467                 MOVF    ADRESH,0
0123   00B4           00468                 MOVWF   EAST_H_ZERO
0124   2???           00469             CALL        GO_BANK_1
Message[302]: Register in operand not in bank 0.  Ensure that bank bits are correct.
0125   081E           00470                 MOVF    ADRESL,0
0126   2???           00471             CALL        GO_BANK_0
0127   00B5           00472                 MOVWF   EAST_L_ZERO
0128   3045           00473         MOVLW   'E'
0129   2???           00474         CALL    PRINT_CHAR
                      00475         ;-----------------------------
012A   2???           00476         CALL    SET_ANALOG_CH3
012B   2???           00477         CALL    START_CONVERSON
012C                  00478 LOOP_S
012C   191F           00479         BTFSC   ADCON0,2
012D   2???           00480             GOTO    LOOP_S
012E   081E           00481                 MOVF    ADRESH,0
012F   00B6           00482                 MOVWF   SOUTH_H_ZERO
0130   2???           00483             CALL        GO_BANK_1
Message[302]: Register in operand not in bank 0.  Ensure that bank bits are correct.
0131   081E           00484                 MOVF    ADRESL,0
0132   2???           00485             CALL        GO_BANK_0
0133   00B7           00486                 MOVWF   SOUTH_L_ZERO
0134   3053           00487         MOVLW   'S'
0135   2???           00488         CALL    PRINT_CHAR
                      00489         ;-----------------------------
0136   2???           00490         CALL    SET_ANALOG_CH2
0137   2???           00491         CALL    START_CONVERSON
0138                  00492 LOOP_W
0138   191F           00493         BTFSC   ADCON0,2
0139   2???           00494             GOTO    LOOP_W
013A   081E           00495                 MOVF    ADRESH,0
013B   00B8           00496                 MOVWF   WEST_H_ZERO
013C   2???           00497             CALL        GO_BANK_1
Message[302]: Register in operand not in bank 0.  Ensure that bank bits are correct.
013D   081E           00498                 MOVF    ADRESL,0
013E   2???           00499             CALL        GO_BANK_0
013F   00B9           00500                 MOVWF   WEST_L_ZERO
0140   3057           00501         MOVLW   'W'
0141   2???           00502         CALL    PRINT_CHAR
0142   0008           00503         RETURN
                      00504    ;-----------------------------
MPASM 5.76                    COMPARATOR.ASM   3-22-2018  23:42:46         PAGE 11


LOC  OBJECT CODE     LINE SOURCE TEXT
  VALUE

                      00505         
                      00506     
                      00507     ;+++++++++++++++++++++++++++++++++++++++++++++++++++++++++++++++++++++++++++++++++++++++++++++++++++
                            ++++++++++++
                      00508     
0143                  00509 GET_VALUES
                      00510         
0143   2???           00511         CALL    ADC_ON
0144   2???           00512         CALL    SET_ANALOG_CH0
0145   2???           00513         CALL    START_CONVERSON
0146   2???           00514         GOTO    LOOP_NV
0147                  00515 LOOP_NV
0147   191F           00516         BTFSC   ADCON0,2
0148   2???           00517             GOTO    LOOP_NV
0149   081E           00518                 MOVF    ADRESH,0
014A   00AA           00519                 MOVWF   NORTH_H
                      00520         
014B   2???           00521             CALL        GO_BANK_1
Message[302]: Register in operand not in bank 0.  Ensure that bank bits are correct.
014C   081E           00522                 MOVF    ADRESL,0
014D   2???           00523             CALL        GO_BANK_0
014E   00AB           00524                 MOVWF   NORTH_L
                      00525         
                      00526         
                      00527         ;MOVLW  'n'
                      00528         ;CALL   PRINT_CHAR
                      00529         ;-----------------------------
014F   2???           00530         CALL    SET_ANALOG_CH1
0150   2???           00531         CALL    START_CONVERSON
0151                  00532 LOOP_EV
0151   191F           00533         BTFSC   ADCON0,2
0152   2???           00534             GOTO    LOOP_EV
0153   081E           00535                 MOVF    ADRESH,0
0154   00AC           00536                 MOVWF   EAST_H
0155   2???           00537             CALL        GO_BANK_1
Message[302]: Register in operand not in bank 0.  Ensure that bank bits are correct.
0156   081E           00538                 MOVF    ADRESL,0
0157   2???           00539             CALL        GO_BANK_0
0158   00AD           00540                 MOVWF   EAST_L
                      00541         ;MOVLW  'e'
                      00542         ;CALL   PRINT_CHAR
                      00543         ;-----------------------------
0159   2???           00544         CALL    SET_ANALOG_CH3
015A   2???           00545         CALL    START_CONVERSON
015B                  00546 LOOP_SV
015B   191F           00547         BTFSC   ADCON0,2
015C   2???           00548             GOTO    LOOP_SV
015D   081E           00549                 MOVF    ADRESH,0
015E   00AE           00550                 MOVWF   SOUTH_H
015F   2???           00551             CALL        GO_BANK_1
Message[302]: Register in operand not in bank 0.  Ensure that bank bits are correct.
0160   081E           00552                 MOVF    ADRESL,0
0161   2???           00553             CALL        GO_BANK_0
MPASM 5.76                    COMPARATOR.ASM   3-22-2018  23:42:46         PAGE 12


LOC  OBJECT CODE     LINE SOURCE TEXT
  VALUE

0162   00AF           00554                 MOVWF   SOUTH_L
                      00555         ;MOVLW  's'
                      00556         ;CALL   PRINT_CHAR
                      00557         ;-----------------------------
                      00558         
0163   2???           00559         CALL    SET_ANALOG_CH2
0164   2???           00560         CALL    START_CONVERSON
0165                  00561 LOOP_WV
0165   191F           00562         BTFSC   ADCON0,2
0166   2???           00563             GOTO    LOOP_WV
0167   081E           00564                 MOVF    ADRESH,0
0168   00B0           00565                 MOVWF   WEST_H
0169   2???           00566             CALL        GO_BANK_1
Message[302]: Register in operand not in bank 0.  Ensure that bank bits are correct.
016A   081E           00567                 MOVF    ADRESL,0
016B   2???           00568             CALL        GO_BANK_0
016C   00B1           00569                 MOVWF   WEST_L
                      00570         ;MOVLW  'w'
                      00571         ;CALL   PRINT_CHAR
016D   0008           00572         RETURN
                      00573     ;-----------------------------
                      00574         
                      00575     ;+++++++++++++++++++++++++++++++++++++++++++++++++++++++++++++++++++++++++++++++++++++++++++++++++++
                            ++++++++++++
                      00576     
                      00577     ;subroutings_for_INITIALIZE_ADC
                      00578     
016E                  00579 INITIALIZE_ADC
016E   2???           00580     CALL    CONFIG_ADC_MODULE
016F   2???           00581     CALL    CONFIG_ADC_INTERUPT
0170   2???           00582     CALL    DELAY_50_MS             ;WAIT THE REQURED ACQUISITION TIME
0171   2???           00583     CALL    START_CONVERSON
0172   0008           00584     RETURN
                      00585     ;______________________________________
0173                  00586 CONFIG_ADC_MODULE
0173   2???           00587         CALL    INITIALIZE_ADC_SETTING
0174   2???           00588         CALL    ADC_ON
0175   0008           00589     RETURN
                      00590     ;______________________________________
0176                  00591 INITIALIZE_ADC_SETTING
0176   2???           00592         CALL    GO_BANK_0
0177   139F           00593             BCF ADCON0,7    ;CLOCK
0178   131F           00594             BCF ADCON0,6    ;CLOCK
0179   2???           00595         CALL    GO_BANK_1
Message[302]: Register in operand not in bank 0.  Ensure that bank bits are correct.
017A   131F           00596             BCF ADCON1,6    ;CLOCK
Message[302]: Register in operand not in bank 0.  Ensure that bank bits are correct.
017B   179F           00597             BSF ADCON1,7    ;RESULT_FORMAT
                      00598                             ;ADFM: A/D Result Format Select bit
                      00599                             ;1 = Right justified. Six (6) Most Significant bits of ADRESH are read as ?0
                            ?.
                      00600                             ;0 = Left justified. Six (6) Least Significant bits of ADRESL are read as ?0
                            ?.
MPASM 5.76                    COMPARATOR.ASM   3-22-2018  23:42:46         PAGE 13


LOC  OBJECT CODE     LINE SOURCE TEXT
  VALUE

Message[302]: Register in operand not in bank 0.  Ensure that bank bits are correct.
017C   119F           00601             BCF ADCON1,3    
Message[302]: Register in operand not in bank 0.  Ensure that bank bits are correct.
017D   111F           00602             BCF ADCON1,2
Message[302]: Register in operand not in bank 0.  Ensure that bank bits are correct.
017E   149F           00603             BSF ADCON1,1
Message[302]: Register in operand not in bank 0.  Ensure that bank bits are correct.
017F   101F           00604             BCF ADCON1,0
                      00605             
0180   2???           00606         CALL    GO_BANK_0
0181   0008           00607         RETURN
                      00608     
0182                  00609 SET_ANALOG_CH0             ;NORTH
0182   119F           00610             BCF  ADCON0,3
0183   121F           00611             BCF  ADCON0,4
0184   129F           00612             BCF  ADCON0,5  
0185   0008           00613     RETURN
                      00614     
0186                  00615 SET_ANALOG_CH1              ;EAST
0186   159F           00616             BSF  ADCON0,3
0187   121F           00617             BCF  ADCON0,4
0188   129F           00618             BCF  ADCON0,5 
0189   0008           00619     RETURN
                      00620     
018A                  00621 SET_ANALOG_CH2              ;WEST
018A   119F           00622             BCF  ADCON0,3
018B   161F           00623             BSF  ADCON0,4
018C   129F           00624             BCF  ADCON0,5 
018D   0008           00625     RETURN
                      00626     
018E                  00627 SET_ANALOG_CH3              ;SOUTH
018E   159F           00628             BSF  ADCON0,3
018F   161F           00629             BSF  ADCON0,4
0190   129F           00630             BCF  ADCON0,5 
0191   0008           00631     RETURN
                      00632     
                      00633     ;______________________________________
0192                  00634 ADC_ON
0192   2???           00635         CALL    GO_BANK_0
0193   141F           00636         BSF     ADCON0,0        
0194   0008           00637     RETURN
                      00638     
0195                  00639 ADC_OFF
0195   2???           00640         CALL    GO_BANK_0
0196   101F           00641         BCF     ADCON0,0
0197   0008           00642     RETURN
                      00643     ;______________________________________
0198                  00644 CONFIG_ADC_INTERUPT
0198   130C           00645         BCF     PIR1,6      ;ADIF(1=CONV CMPLTED,0=NOT COMPLETE)
Message[302]: Register in operand not in bank 0.  Ensure that bank bits are correct.
0199   170C           00646         BSF     PIE1,6      ;1 = Enables the A/D converter interrupt/0 = Disables the A/D converter inte
                            rrupt
019A   170B           00647         BSF     INTCON,6    ;1 = Enables all unmasked peripheral interrupts/0 = Disables all peripheral 
MPASM 5.76                    COMPARATOR.ASM   3-22-2018  23:42:46         PAGE 14


LOC  OBJECT CODE     LINE SOURCE TEXT
  VALUE

                            interrupts
019B   178B           00648         BSF     INTCON,7    ;1 = Enables all unmasked interrupts/0 = Disables all interrupts
                      00649         
019C   0008           00650     RETURN
                      00651     ;______________________________________
019D                  00652 START_CONVERSON
019D   2???           00653         CALL    GO_BANK_0
019E   151F           00654         BSF     ADCON0,2
019F   0008           00655     RETURN
                      00656     
01A0                  00657 END_CONVERSON
01A0   111F           00658         BCF     ADCON0,2
01A1   0008           00659     RETURN
                      00660 
                      00661     
                      00662     
                      00663     ;+++++++++++++++++++++++++++++++++++++++++++++++++++++++++++++++++++++++++++++++++++++++++++++++++++
                            ++++++++++++
01A2                  00664 K_VALUES_TO_ZERO
01A2   3000           00665         MOVLW   b'00000000'
01A3   00BC           00666         MOVWF   K4
                      00667         
01A4   3000           00668         MOVLW   b'00000000'
01A5   00A3           00669         MOVWF   K3
                      00670         
01A6   3000           00671         MOVLW   b'00000000'
01A7   00A4           00672         MOVWF   K2
                      00673         
01A8   3000           00674         MOVLW   b'00000000'
01A9   00A5           00675         MOVWF   K1
                      00676         
01AA   3000           00677         MOVLW   b'00000000'
01AB   00A6           00678         MOVWF   K0
01AC   0008           00679     RETURN
                      00680     ;+++++++++++++++++++++++++++++++++++++++++++++++++++++++++++++++++++++++++++++++++++++++++++++++++++
                            ++++++++++++
                      00681 
01AD                  00682 PROCESS_HIGH_VALUE
                      00683         ;THIS VALUES ONLY FOR THIS PROG: TESTING
                      00684         
                      00685 
01AD   2???           00686     GOTO        FIND_KH2
01AE                  00687 FIND_KH2
01AE   3064           00688         MOVLW   d'100'
01AF   0227           00689         SUBWF   HIGH_BIT_COPPY,0
01B0   1803           00690         BTFSC   STATUS,0
01B1   2???           00691             GOTO        CHECK_POIT_2H   
01B2   2???           00692             GOTO        FIND_KH1                
                      00693             
01B3                  00694 FIND_KH1
01B3   300A           00695         MOVLW   d'10'
01B4   0227           00696         SUBWF   HIGH_BIT_COPPY,0
01B5   1803           00697         BTFSC   STATUS,0
MPASM 5.76                    COMPARATOR.ASM   3-22-2018  23:42:46         PAGE 15


LOC  OBJECT CODE     LINE SOURCE TEXT
  VALUE

01B6   2???           00698             GOTO        CHECK_POIT_1H   
01B7   2???           00699             GOTO        FIND_KH0
                      00700 
01B8                  00701 FIND_KH0
01B8   3001           00702         MOVLW   d'1'
01B9   0227           00703         SUBWF   HIGH_BIT_COPPY,0
01BA   1803           00704         BTFSC   STATUS,0
01BB   2???           00705             GOTO        CHECK_POIT_0H
01BC   2???           00706             GOTO        END_3H
                      00707             
01BD                  00708 END_3H
01BD   2???           00709             GOTO    PROCESS_LOWER_VALUE
                      00710 
                      00711         ;WHEN EXITING FROM "GOTO END_3" IT IS NOT CALCULATE THAT ONE SO NEEDS TO ADD IT
                      00712         ;CALL   K0_PLUS_ONE
                      00713     ;GOTO    UP
                      00714     ;______________________________    
01BE                  00715 CHECK_POIT_2H
01BE   00A7           00716         MOVWF   HIGH_BIT_COPPY
01BF   2???           00717         CALL    K2_PLUS_SIX
01C0   2???           00718         CALL    K3_PLUS_FIVE
01C1   2???           00719         CALL    K4_PLUS_TWO
                      00720         
01C2   2???           00721     GOTO    FIND_KH2
                      00722     ;______________________________ 
01C3                  00723 CHECK_POIT_1H
01C3   00A7           00724         MOVWF   HIGH_BIT_COPPY
01C4   2???           00725         CALL    K1_PLUS_SIX
01C5   2???           00726         CALL    K2_PLUS_FIVE
01C6   2???           00727         CALL    K3_PLUS_TWO
                      00728         
01C7   2???           00729     GOTO    FIND_KH1
                      00730     ;______________________________ 
01C8                  00731 CHECK_POIT_0H
01C8   00A7           00732         MOVWF   HIGH_BIT_COPPY
01C9   2???           00733         CALL    K0_PLUS_SIX
01CA   2???           00734         CALL    K1_PLUS_FIVE
01CB   2???           00735         CALL    K2_PLUS_TWO
                      00736         
01CC   2???           00737     GOTO    FIND_KH0
                      00738     
                      00739    
                      00740     ;______________________________
                      00741     ;PROCESS_LOWER_VALUE
                      00742     
01CD                  00743 PROCESS_LOWER_VALUE
                      00744     ;IN HERE SET ADRESL VALUE TO LOW_BIT_COPPY
                      00745         
01CD   2???           00746         GOTO    FIND_K2
                      00747         
01CE                  00748 FIND_K2
01CE   3064           00749         MOVLW   d'100'
01CF   0228           00750         SUBWF   LOW_BIT_COPPY,0
MPASM 5.76                    COMPARATOR.ASM   3-22-2018  23:42:46         PAGE 16


LOC  OBJECT CODE     LINE SOURCE TEXT
  VALUE

01D0   1803           00751         BTFSC   STATUS,0
01D1   2???           00752             GOTO        CHECK_POIT_2    
01D2   2???           00753             GOTO        FIND_K1         
                      00754             
01D3                  00755 FIND_K1
01D3   300A           00756         MOVLW   d'10'
01D4   0228           00757         SUBWF   LOW_BIT_COPPY,0
01D5   1803           00758         BTFSC   STATUS,0
01D6   2???           00759             GOTO        CHECK_POIT_1    
01D7   2???           00760             GOTO        FIND_K0
                      00761 
01D8                  00762 FIND_K0
01D8   3001           00763         MOVLW   d'1'
01D9   0228           00764         SUBWF   LOW_BIT_COPPY,0
01DA   1803           00765         BTFSC   STATUS,0
01DB   2???           00766             GOTO        CHECK_POIT_0
01DC   2???           00767             GOTO        END_3
                      00768             
01DD                  00769 END_3
                      00770         
01DD   2???           00771     GOTO    X
                      00772     ;______________________________    
01DE                  00773 CHECK_POIT_2
01DE   00A8           00774         MOVWF   LOW_BIT_COPPY
01DF   2???           00775         CALL    K2_PLUS_ONE
01E0   2???           00776     GOTO    FIND_K2
                      00777     ;______________________________ 
01E1                  00778 CHECK_POIT_1
01E1   00A8           00779         MOVWF   LOW_BIT_COPPY
01E2   2???           00780         CALL    K1_PLUS_ONE
01E3   2???           00781     GOTO    FIND_K1
                      00782     ;______________________________ 
01E4                  00783 CHECK_POIT_0
01E4   00A8           00784         MOVWF   LOW_BIT_COPPY
01E5   2???           00785         CALL    K0_PLUS_ONE
01E6   2???           00786     GOTO    FIND_K0
                      00787     
                      00788     ;______________________________
01E7                  00789 K0_PLUS_ONE
01E7   3001           00790         MOVLW   d'1'
01E8   07A6           00791         ADDWF   K0,1
01E9   2???           00792         GOTO    K0_CHECK
01EA                  00793 K0_PLUS_TWO
01EA   3002           00794         MOVLW   d'2'
01EB   07A6           00795         ADDWF   K0,1
01EC   2???           00796         GOTO    K0_CHECK
01ED                  00797 K0_PLUS_FIVE
01ED   3005           00798         MOVLW   d'5'
01EE   07A6           00799         ADDWF   K0,1
01EF   2???           00800         GOTO    K0_CHECK
01F0                  00801 K0_PLUS_SIX
01F0   3006           00802         MOVLW   d'6'
01F1   07A6           00803         ADDWF   K0,1
MPASM 5.76                    COMPARATOR.ASM   3-22-2018  23:42:46         PAGE 17


LOC  OBJECT CODE     LINE SOURCE TEXT
  VALUE

01F2   2???           00804         GOTO    K0_CHECK
01F3                  00805 K0_CHECK
01F3   300A           00806         MOVLW   d'10'
01F4   0226           00807         SUBWF   K0,0
01F5   1883           00808         BTFSC   STATUS,1
01F6   2???           00809             GOTO    K0_MIN_TEN
01F7   2???           00810            GOTO    END_2
                      00811             
01F8                  00812 K0_MIN_TEN
01F8   300A           00813                 MOVLW   b'00001010'
01F9   02A6           00814                 SUBWF   K0,1
01FA   2???           00815                 GOTO    K1_PLUS_ONE
01FB   2???           00816                 GOTO    END_2
                      00817     
01FC                  00818 K1_PLUS_ONE
01FC   3001           00819         MOVLW   d'1'
01FD   07A5           00820         ADDWF   K1,1
01FE   2???           00821         GOTO    K1_CHECK
01FF                  00822 K1_PLUS_TWO
01FF   3002           00823         MOVLW   d'2'
0200   07A5           00824         ADDWF   K1,1
0201   2???           00825         GOTO    K1_CHECK
0202                  00826 K1_PLUS_FIVE
0202   3005           00827         MOVLW   d'5'
0203   07A5           00828         ADDWF   K1,1
0204   2???           00829         GOTO    K1_CHECK
0205                  00830 K1_PLUS_SIX
0205   3006           00831         MOVLW   d'6'
0206   07A5           00832         ADDWF   K1,1
0207   2???           00833         GOTO    K1_CHECK
0208                  00834 K1_CHECK
0208   300A           00835         MOVLW   d'10'
0209   0225           00836         SUBWF   K1,0
020A   1883           00837         BTFSC   STATUS,1
020B   2???           00838            GOTO    K1_MIN_TEN
020C   2???           00839            GOTO    END_2
                      00840             
020D                  00841 K1_MIN_TEN
020D   300A           00842                 MOVLW   b'00001010'
020E   02A5           00843                 SUBWF   K1,1
020F   2???           00844                 GOTO    K2_PLUS_ONE
0210   2???           00845                 GOTO    END_2
                      00846            
                      00847     
0211                  00848 K2_PLUS_ONE
0211   3001           00849         MOVLW   d'1'
0212   07A4           00850         ADDWF   K2,1
0213   2???           00851         GOTO    K2_CHECK
0214                  00852 K2_PLUS_TWO
0214   3002           00853         MOVLW   d'2'
0215   07A4           00854         ADDWF   K2,1
0216   2???           00855         GOTO    K2_CHECK
0217                  00856 K2_PLUS_FIVE
MPASM 5.76                    COMPARATOR.ASM   3-22-2018  23:42:46         PAGE 18


LOC  OBJECT CODE     LINE SOURCE TEXT
  VALUE

0217   3005           00857         MOVLW   d'5'
0218   07A4           00858         ADDWF   K2,1
0219   2???           00859         GOTO    K2_CHECK
021A                  00860 K2_PLUS_SIX
021A   3006           00861         MOVLW   d'6'
021B   07A4           00862         ADDWF   K2,1
021C   2???           00863         GOTO    K2_CHECK
021D                  00864 K2_CHECK
021D   300A           00865         MOVLW   d'10'
021E   0224           00866         SUBWF   K2,0
021F   1883           00867         BTFSC   STATUS,1
0220   2???           00868            GOTO    K2_MIN_TEN
0221   2???           00869            GOTO    END_2
                      00870             
0222                  00871 K2_MIN_TEN
0222   300A           00872                 MOVLW   b'00001010'
0223   02A4           00873                 SUBWF   K2,1
0224   2???           00874                 GOTO    K3_PLUS_ONE
0225   2???           00875                 GOTO    END_2
                      00876             
0226                  00877 K3_PLUS_ONE
0226   3001           00878         MOVLW   d'1'
0227   07A3           00879         ADDWF   K3,1
0228   2???           00880         GOTO    K3_CHECK
0229                  00881 K3_PLUS_TWO
0229   3002           00882         MOVLW   d'2'
022A   07A3           00883         ADDWF   K3,1
022B   2???           00884         GOTO    K3_CHECK
022C                  00885 K3_PLUS_FIVE
022C   3005           00886         MOVLW   d'5'
022D   07A3           00887         ADDWF   K3,1
022E   2???           00888         GOTO    K3_CHECK
022F                  00889 K3_PLUS_SIX
022F   3006           00890         MOVLW   d'6'
0230   07A3           00891         ADDWF   K3,1
0231   2???           00892         GOTO    K3_CHECK
0232                  00893 K3_CHECK
0232   300A           00894         MOVLW   D'10'
0233   0223           00895         SUBWF   K3,0
                      00896         
0234   0803           00897         MOVF    STATUS,0
0235   0086           00898         MOVWF   PORTB
                      00899         
0236   1883           00900         BTFSC   STATUS,1
0237   2???           00901             GOTO    K3_MIN_TEN
0238   2???           00902             GOTO    END_2
                      00903             
0239                  00904 K3_MIN_TEN
0239   300A           00905                 MOVLW   b'00001010'
023A   02A3           00906                 SUBWF   K3,1
023B   2???           00907                 GOTO    K4_PLUS_ONE
023C   2???           00908                 GOTO    END_2
023D                  00909 K4_PLUS_ONE
MPASM 5.76                    COMPARATOR.ASM   3-22-2018  23:42:46         PAGE 19


LOC  OBJECT CODE     LINE SOURCE TEXT
  VALUE

023D   3001           00910         MOVLW   d'1'
023E   07BC           00911         ADDWF   K4,1
023F   2???           00912         GOTO    K4_CHECK
0240                  00913 K4_PLUS_TWO
0240   3002           00914         MOVLW   d'2'
0241   07BC           00915         ADDWF   K4,1
0242   2???           00916         GOTO    K4_CHECK
0243                  00917 K4_PLUS_FIVE
0243   3005           00918         MOVLW   d'5'
0244   07BC           00919         ADDWF   K4,1
0245   2???           00920         GOTO    K4_CHECK
0246                  00921 K4_PLUS_SIX
0246   3006           00922         MOVLW   d'6'
0247   07BC           00923         ADDWF   K4,1
0248   2???           00924         GOTO    K4_CHECK
0249                  00925 K4_CHECK
0249   300A           00926         MOVLW   D'10'
024A   023C           00927         SUBWF   K4,0
                      00928         
024B   0803           00929         MOVF    STATUS,0
024C   0086           00930         MOVWF   PORTB
                      00931         
024D   1883           00932         BTFSC   STATUS,1
024E   2???           00933             GOTO    K4_MIN_TEN
024F   2???           00934             GOTO    END_2
                      00935             
0250                  00936 K4_MIN_TEN
0250   300A           00937                 MOVLW   b'00001010'
0251   02A3           00938                 SUBWF   K3,1
0252   2???           00939                 GOTO    END_2
                      00940 
0253                  00941 END_2
0253   0008           00942     RETURN
                      00943         
                      00944     ;+++++++++++++++++++++++++++++++++++++++++++++++++++++++++++++++++++++++++++++++++++++++++++++++++++
                            ++++++++++++
                      00945     
                      00946     ;+++++++++++++++++++++++++++++++++++++++++++++++++++++++++++++++++++++++++++++++++++++++++++++++++++
                            ++++++++++++
                      00947     ;subroutings_for_INITIALIZE_LCD
0254                  00948 INITIALIZE_LCD
0254   2???           00949         CALL    instructionMode
0255   2???           00950         CALL    setFunctions
0256   2???           00951         CALL    setDisplayOnOff
0257   2???           00952         CALL    displayClear
0258   2???           00953         CALL    setEntryModule
0259   2???           00954         CALL    set_CGRAM_address
025A   2???           00955         CALL    set_DDRAM_address_to_line1
025B   0008           00956     RETURN
                      00957     ;______________________________________
                      00958     
025C                  00959 instructionMode
025C   3000           00960             MOVLW   b'000'
MPASM 5.76                    COMPARATOR.ASM   3-22-2018  23:42:46         PAGE 20


LOC  OBJECT CODE     LINE SOURCE TEXT
  VALUE

025D   0087           00961             MOVWF   PORTC
025E   2???           00962             CALL    ENABLE_PULSE
025F   0008           00963     RETURN
                      00964     ;______________________________________
0260                  00965 dataSendMode
                      00966             ;MOVLW   b'11111111'
                      00967             ;MOVWF   PORTD
                      00968 
                      00969             ;MOVLW   b'00001'
                      00970             ;MOVWF   PORTC
0260   1407           00971             BSF     PORTC,0
                      00972             ;CALL    ENABLE_PULSE
0261   0008           00973     RETURN
                      00974     ;______________________________________
                      00975     
0262                  00976 setFunctions
0262   2???           00977         CALL    instructionMode
0263   0087           00978         MOVWF   PORTC
0264   3038           00979         MOVLW   b'00111000'
                      00980         ;+----------+-----------+-----------+-----------+-----------+-----------+-----------+-----------
                            +
                      00981         ;| bit7     | bit6      | bit5      | bit4      | bit3      | bit2      | bit1      | bit0      
                            |
                      00982         ;+----------+-----------+-----------+-----------+-----------+-----------+-----------+-----------
                            +
                      00983         ;|      0   |   0       |       1   |   1       |0=1 Line   |0=5x8 Dots |       x   |   x       
                            |
                      00984         ;|          |           |           |           |1=2 Line   |1=5x11 Dots|       x   |   x       
                            |
                      00985         ;+----------+-----------+-----------+-----------+-----------+-----------+-----------+-----------
                            +  
0265   0088           00986         MOVWF   PORTD
0266   2???           00987         CALL    ENABLE_PULSE
0267   0008           00988     RETURN
                      00989     ;______________________________________
0268                  00990 setDisplayOnOff
0268   2???           00991         CALL    instructionMode
0269   300F           00992         MOVLW   b'00001111'
                      00993         ;+----------+-----------+-----------+-----------+-----------+-----------+-----------+-----------
                            +
                      00994         ;| bit7     | bit6      | bit5      | bit4      | bit3      | bit2      | bit1      | bit0      
                            |
                      00995         ;+----------+-----------+-----------+-----------+-----------+-----------+-----------+-----------
                            +
                      00996         ;|      0   |   0       |       0   |   0       |       1   |0=DispOff  |0=CurserOff|0=BlinkOff 
                            |
                      00997         ;|          |           |           |           |           |1=DispOn   |1=CurserOn |1=BlinkOn  
                            |
                      00998         ;+----------+-----------+-----------+-----------+-----------+-----------+-----------+-----------
                            +
026A   0088           00999         MOVWF   PORTD
026B   2???           01000         CALL    ENABLE_PULSE
026C   0008           01001     RETURN
MPASM 5.76                    COMPARATOR.ASM   3-22-2018  23:42:46         PAGE 21


LOC  OBJECT CODE     LINE SOURCE TEXT
  VALUE

                      01002     ;______________________________________
026D                  01003 displayClear
026D   2???           01004         CALL    instructionMode
026E   3001           01005         MOVLW   b'00000001'
                      01006         ;+----------+-----------+-----------+-----------+-----------+-----------+-----------+-----------
                            +
                      01007         ;| bit7     | bit6      | bit5      | bit4      | bit3      | bit2      | bit1      | bit0      
                            |
                      01008         ;+----------+-----------+-----------+-----------+-----------+-----------+-----------+-----------
                            +
                      01009         ;|      0   |   0       |       0   |   0       |       0   |   0       |       0   |   1       
                            |
                      01010         ;|          |           |           |           |           |           |           |           
                            |
                      01011         ;+----------+-----------+-----------+-----------+-----------+-----------+-----------+-----------
                            +
026F   0088           01012         MOVWF   PORTD
0270   2???           01013         CALL    ENABLE_PULSE
0271   2???           01014         CALL    set_DDRAM_address_to_line1
0272   0008           01015     RETURN
                      01016     ;______________________________________
0273                  01017 setEntryModule
0273   2???           01018         CALL    instructionMode
0274   3006           01019         MOVLW   b'00000110'
                      01020         ;+----------+-----------+-----------+-----------+-----------+-----------+-----------+-----------
                            ----+
                      01021         ;| bit7     | bit6      | bit5      | bit4      | bit3      | bit2      | bit1      | bit0      
                                |
                      01022         ;+----------+-----------+-----------+-----------+-----------+-----------+-----------+-----------
                            ----+
                      01023         ;|      0   |   0       |       0   |   0       |       0   |   1       |0=Decrement|0=EntireShi
                            ft  |
                      01024         ;|          |           |           |           |           |           |   Mode    |   off     
                                |
                      01025         ;|          |           |           |           |           |           |1=Increment|1=EntireShi
                            f   |
                      01026         ;|          |           |           |           |           |           |   Mode    |   on      
                                |
                      01027         ;+----------+-----------+-----------+-----------+-----------+-----------+-----------+-----------
                            ----+
0275   0088           01028         MOVWF   PORTD
0276   2???           01029         CALL    ENABLE_PULSE
0277   0008           01030     RETURN
                      01031     
                      01032     ;______________________________________
0278                  01033 set_CGRAM_address
0278   2???           01034         CALL    instructionMode
0279   3040           01035         MOVLW   b'01000000'     
                      01036         ;SET CGRAM ADDRESS
                      01037         ;+----------+-----------+-----------+-----------+-----------+-----------+-----------+-----------
                            +
                      01038         ;| bit7     | bit6      | bit5      |bit4       | bit3      | bit2      | bit1      | bit0      
                            |
MPASM 5.76                    COMPARATOR.ASM   3-22-2018  23:42:46         PAGE 22


LOC  OBJECT CODE     LINE SOURCE TEXT
  VALUE

                      01039         ;+----------+-----------+-----------+-----------+-----------+-----------+-----------+-----------
                            +
                      01040         ;|      0   |   1       |       AC5 |   AC4     |       AC3 |   AC2     |       AC1 |   AC0     
                            |
                      01041         ;+----------+-----------+-----------+-----------+-----------+-----------+-----------+-----------
                            +
                      01042         
027A   0088           01043         MOVWF   PORTD
027B   2???           01044         CALL    ENABLE_PULSE
027C   0008           01045     RETURN
                      01046     
                      01047     ;______________________________________
027D                  01048 set_DDRAM_address_to_line1
027D   2???           01049         CALL    instructionMode
027E   3080           01050         MOVLW   b'10000000'     ;SET DDRAM ADDRESS
                      01051     
                      01052         ;+----------+-----------+-----------+-----------+-----------+-----------+-----------+-----------
                            +
                      01053         ;| bit7     | bit6      | bit5      | bit4      | bit3      | bit2      | bit1      | bit0      
                            |
                      01054         ;+----------+-----------+-----------+-----------+-----------+-----------+-----------+-----------
                            +
                      01055         ;|      1   |   AC6     |       AC5 |   AC4     |       AC3 |   AC2     |       AC1 |   AC0     
                            |
                      01056         ;+----------+-----------+-----------+-----------+-----------+-----------+-----------+-----------
                            +
                      01057             ;DDRAM ADDRESS 1ST Line:00H to 27H
                      01058             ;DDRAM ADDRESS 2ND Line:40H to 67H
                      01059 
027F   0088           01060         MOVWF   PORTD
0280   2???           01061         CALL    ENABLE_PULSE
0281   2???           01062         CALL    dataSendMode
0282   0008           01063     RETURN
                      01064    ;______________________________________
0283                  01065 set_DDRAM_address_to_line2
0283   2???           01066         CALL    instructionMode
0284   30C0           01067         MOVLW   b'11000000'
0285   0088           01068         MOVWF   PORTD
0286   2???           01069         CALL    ENABLE_PULSE
0287   2???           01070         CALL    dataSendMode
                      01071 
0288   0008           01072     RETURN
                      01073     ;+++++++++++++++++++++++++++++++++++++++++++++++++++++++++++++++++++++++++++++++++++++++++++++++++++
                            ++++++++++++
                      01074     ;subroutings_for_INITIALIZE_IC
0289                  01075 INITIALIZE_IC
0289   2???           01076         CALL    GO_BANK_1
028A   3000           01077             MOVLW   b'000'
Message[302]: Register in operand not in bank 0.  Ensure that bank bits are correct.
028B   0087           01078             MOVWF   TRISC
028C   3000           01079             MOVLW   b'00000000'
Message[302]: Register in operand not in bank 0.  Ensure that bank bits are correct.
028D   0088           01080             MOVWF   TRISD
MPASM 5.76                    COMPARATOR.ASM   3-22-2018  23:42:46         PAGE 23


LOC  OBJECT CODE     LINE SOURCE TEXT
  VALUE

028E   1406           01081             BSF     PORTB,0
028F   2???           01082         CALL    GO_BANK_0
0290   3000           01083             MOVLW   b'000'
0291   0087           01084             MOVWF   PORTC
                      01085 
0292   3000           01086             MOVLW   b'00000000'
0293   0088           01087             MOVWF   PORTD
                      01088             
0294   2???           01089             CALL    IC_INTERRUPT_CONFIG
                      01090 
0295   0008           01091     RETURN
0296                  01092 IC_INTERRUPT_CONFIG
0296   2???           01093         CALL    GO_BANK_1           ;SWITCH TO BANK 1
                      01094            
Message[302]: Register in operand not in bank 0.  Ensure that bank bits are correct.
0297   1701           01095             bsf     OPTION_REG,6    ;Interrupt on rising edge of RB0/INT pin
0298   178B           01096             bsf     INTCON,7        ;Enable all unmasked interrupts
0299   160B           01097             bsf     INTCON,4        ;Enables the RB0/INT external interrupt
029A   2???           01098         CALL    GO_BANK_0
029B   0008           01099     RETURN
                      01100     
029C                  01101 GO_BANK_0
029C   1283           01102         BCF         STATUS,5
029D   1303           01103         BCF         STATUS,6
029E   0008           01104     RETURN
                      01105     
029F                  01106 GO_BANK_1
029F   1683           01107         BSF         STATUS,5
02A0   1303           01108         BCF         STATUS,6
02A1   0008           01109     RETURN
                      01110     
02A2                  01111 GO_BANK_2
02A2   1283           01112         BCF         STATUS,5
02A3   1703           01113         BSF         STATUS,6
02A4   0008           01114     RETURN
                      01115     
02A5                  01116 GO_BANK_3
02A5   1683           01117         BSF         STATUS,5
02A6   1703           01118         BSF         STATUS,6
02A7   0008           01119     RETURN
                      01120     
02A8                  01121 ENABLE_PULSE
02A8   1507           01122         BSF         PORTC,2
02A9   2???           01123         CALL    DELAY_50_MS
02AA   1107           01124         BCF         PORTC,2
                      01125         ;CALL    DELAY_50_MS
02AB   0008           01126     RETURN
                      01127     ;_______________________________________
02AC                  01128 DELAY_50_MS
02AC   0BA0           01129         DECFSZ  TIMER1,1
02AD   2???           01130         GOTO    DELAY_50_MS
                      01131         ;DECFSZ TIMER2,1
                      01132         ;GOTO   DELAY_50_MS
MPASM 5.76                    COMPARATOR.ASM   3-22-2018  23:42:46         PAGE 24


LOC  OBJECT CODE     LINE SOURCE TEXT
  VALUE

                      01133         ;MOVLW   b'11111111'
                      01134         ;movwf   TIMER1
02AE   0008           01135     RETURN
                      01136     
                      01137     ;+++++++++++++++++++++++++++++++++++++++++++++++++++++++++++++++++++++++++++++++++++++++++++++++++++
                            ++++++++++++
                      01138     ;subroutings_for_PRINT_IN_LCD
02AF                  01139 writeOnDisp
02AF   3052           01140         MOVLW   'R'
02B0   2???           01141         CALL    PRINT_CHAR
02B1   3055           01142         MOVLW   'U'
02B2   2???           01143         CALL    PRINT_CHAR
02B3   304E           01144         MOVLW   'N'
02B4   2???           01145         CALL    PRINT_CHAR
02B5   302A           01146         MOVLW   '*'
02B6   2???           01147         CALL    PRINT_CHAR
                      01148 
02B7   302A           01149         MOVLW   '*'
02B8   2???           01150         CALL    PRINT_CHAR
                      01151         
02B9   0008           01152     RETURN
                      01153     
02BA                  01154 PRINT_K_VALUES
                      01155         ;CALL   displayClear
                      01156         ;CALL   set_DDRAM_address_to_line2
02BA   302B           01157         MOVLW   '+'
02BB   2???           01158         CALL    PRINT_CHAR
                      01159         
02BC   083C           01160         MOVF    K4,0
02BD   2???           01161         CALL    MAKE_LCD_NUMBER
02BE   2???           01162         CALL    PRINT_CHAR
                      01163         
02BF   0823           01164         MOVF    K3,0
02C0   2???           01165         CALL    MAKE_LCD_NUMBER
02C1   2???           01166         CALL    PRINT_CHAR
                      01167         
02C2   0824           01168         MOVF    K2,0
02C3   2???           01169         CALL    MAKE_LCD_NUMBER
02C4   2???           01170         CALL    PRINT_CHAR
                      01171         
02C5   0825           01172         MOVF    K1,0
02C6   2???           01173         CALL    MAKE_LCD_NUMBER
02C7   2???           01174         CALL    PRINT_CHAR
                      01175         
02C8   0826           01176         MOVF    K0,0
02C9   2???           01177         CALL    MAKE_LCD_NUMBER
02CA   2???           01178         CALL    PRINT_CHAR
                      01179         
                      01180         
                      01181         
02CB   0008           01182     RETURN
02CC                  01183 MAKE_LCD_NUMBER
02CC   3E30           01184         ADDLW   b'00110000'
MPASM 5.76                    COMPARATOR.ASM   3-22-2018  23:42:46         PAGE 25


LOC  OBJECT CODE     LINE SOURCE TEXT
  VALUE

02CD   0008           01185     RETURN
                      01186     
02CE                  01187 PRINT_CHAR
02CE   0088           01188         MOVWF  PORTD
02CF   2???           01189         CALL    ENABLE_PULSE
02D0   0008           01190     RETURN
                      01191     
02D1                  01192 WAIT
02D1   0BA0           01193         DECFSZ  TIMER1,1
02D2   2???           01194         GOTO    WAIT
02D3   0BA1           01195         DECFSZ  TIMER2,1
02D4   2???           01196         GOTO    WAIT
02D5   0008           01197     RETURN  
                      01198     END
MPASM 5.76                    COMPARATOR.ASM   3-22-2018  23:42:46         PAGE 26


SYMBOL TABLE
  LABEL                             VALUE 

A1E                               00000095
A1N                               00000089
A1S                               000000A1
A1W                               000000AD
A2E                               00000097
A2N                               0000008B
A2S                               000000A3
A2W                               000000AF
ACKDT                             00000005
ACKEN                             00000004
ACKSTAT                           00000006
ADCON0                            0000001F
ADCON1                            0000009F
ADCS0                             00000006
ADCS1                             00000007
ADCS2                             00000006
ADC_OFF                           00000195
ADC_ON                            00000192
ADDEN                             00000003
ADDITION_H                        0000003A
ADDITION_L                        0000003B
ADDITION_OF_FOUR                  00000082
ADDITION_ZERO                     0000007F
ADFM                              00000007
ADIE                              00000006
ADIF                              00000006
ADON                              00000000
ADRESH                            0000001E
ADRESL                            0000009E
ANGLE_H                           0000003D
ANGLE_L                           0000003E
ANGLE_REF_H                       0000003F
ANGLE_REF_L                       00000040
BCLIE                             00000003
BCLIF                             00000003
BF                                00000000
BRGH                              00000002
C                                 00000000
C1INV                             00000004
C1OUT                             00000006
C2INV                             00000005
C2OUT                             00000007
CALCULATIONS                      00000078
CCP1CON                           00000017
CCP1IE                            00000002
CCP1IF                            00000002
CCP1M0                            00000000
CCP1M1                            00000001
CCP1M2                            00000002
CCP1M3                            00000003
CCP1X                             00000005
CCP1Y                             00000004
CCP2CON                           0000001D
MPASM 5.76                    COMPARATOR.ASM   3-22-2018  23:42:46         PAGE 27


SYMBOL TABLE
  LABEL                             VALUE 

CCP2IE                            00000000
CCP2IF                            00000000
CCP2M0                            00000000
CCP2M1                            00000001
CCP2M2                            00000002
CCP2M3                            00000003
CCP2X                             00000005
CCP2Y                             00000004
CCPR1                             00000015
CCPR1H                            00000016
CCPR1L                            00000015
CCPR2                             0000001B
CCPR2H                            0000001C
CCPR2L                            0000001B
CHECK_POIT_0                      000001E4
CHECK_POIT_0H                     000001C8
CHECK_POIT_1                      000001E1
CHECK_POIT_1H                     000001C3
CHECK_POIT_2                      000001DE
CHECK_POIT_2H                     000001BE
CHS0                              00000003
CHS1                              00000004
CHS2                              00000005
CIS                               00000003
CKE                               00000006
CKP                               00000004
CM0                               00000000
CM1                               00000001
CM2                               00000002
CMCON                             0000009C
CMIE                              00000006
CMIF                              00000006
COMPARE                           00000011
COMPARE_SETTINGS                  00000070
COMPARISION                       0000001B
CONFIG_ADC_INTERUPT               00000198
CONFIG_ADC_MODULE                 00000173
CREN                              00000004
CSRC                              00000007
CVR0                              00000000
CVR1                              00000001
CVR2                              00000002
CVR3                              00000003
CVRCON                            0000009D
CVREN                             00000007
CVROE                             00000006
CVRR                              00000005
D                                 00000005
DATA_ADDRESS                      00000005
DC                                00000001
DELAY_50_MS                       000002AC
DISP                              00000022
D_A                               00000005
MPASM 5.76                    COMPARATOR.ASM   3-22-2018  23:42:46         PAGE 28


SYMBOL TABLE
  LABEL                             VALUE 

D_NOT_A                           00000005
EAST_H                            0000002C
EAST_H_ZERO                       00000034
EAST_L                            0000002D
EAST_L_ZERO                       00000035
ED                                00000023
EEADR                             0000010D
EEADRH                            0000010F
EECON1                            0000018C
EECON2                            0000018D
EEDATA                            0000010C
EEDATH                            0000010E
EEIE                              00000004
EEIF                              00000004
EEPGD                             00000007
ENABLE_PULSE                      000002A8
ENDZ_CMP                          0000006F
END_2                             00000253
END_3                             000001DD
END_3H                            000001BD
END_CONVERSON                     000001A0
ES                                00000039
F                                 00000001
FERR                              00000002
FIND_K0                           000001D8
FIND_K1                           000001D3
FIND_K2                           000001CE
FIND_KH0                          000001B8
FIND_KH1                          000001B3
FIND_KH2                          000001AE
FSR                               00000004
GCEN                              00000007
GET_VALUES                        00000143
GET_ZERO                          00000112
GIE                               00000007
GO                                00000002
GO_BANK_0                         0000029C
GO_BANK_1                         0000029F
GO_BANK_2                         000002A2
GO_BANK_3                         000002A5
GO_DONE                           00000002
GO_NOT_DONE                       00000002
HIGH_BIT_COPPY                    00000027
I2C_DATA                          00000005
I2C_READ                          00000002
I2C_START                         00000003
I2C_STOP                          00000004
IBF                               00000007
IBOV                              00000005
IC_INTERRUPT_CONFIG               00000296
INDF                              00000000
INITIALIZE_ADC                    0000016E
INITIALIZE_ADC_SETTING            00000176
MPASM 5.76                    COMPARATOR.ASM   3-22-2018  23:42:46         PAGE 29


SYMBOL TABLE
  LABEL                             VALUE 

INITIALIZE_IC                     00000289
INITIALIZE_LCD                    00000254
INTCON                            0000000B
INTE                              00000004
INTEDG                            00000006
INTF                              00000001
IRP                               00000007
K0                                00000026
K0_CHECK                          000001F3
K0_MIN_TEN                        000001F8
K0_PLUS_FIVE                      000001ED
K0_PLUS_ONE                       000001E7
K0_PLUS_SIX                       000001F0
K0_PLUS_TWO                       000001EA
K1                                00000025
K1_CHECK                          00000208
K1_MIN_TEN                        0000020D
K1_PLUS_FIVE                      00000202
K1_PLUS_ONE                       000001FC
K1_PLUS_SIX                       00000205
K1_PLUS_TWO                       000001FF
K2                                00000024
K2_CHECK                          0000021D
K2_MIN_TEN                        00000222
K2_PLUS_FIVE                      00000217
K2_PLUS_ONE                       00000211
K2_PLUS_SIX                       0000021A
K2_PLUS_TWO                       00000214
K3                                00000023
K3_CHECK                          00000232
K3_MIN_TEN                        00000239
K3_PLUS_FIVE                      0000022C
K3_PLUS_ONE                       00000226
K3_PLUS_SIX                       0000022F
K3_PLUS_TWO                       00000229
K4                                0000003C
K4_CHECK                          00000249
K4_MIN_TEN                        00000250
K4_PLUS_FIVE                      00000243
K4_PLUS_ONE                       0000023D
K4_PLUS_SIX                       00000246
K4_PLUS_TWO                       00000240
K_VALUES_TO_ZERO                  000001A2
LOOP_E                            00000120
LOOP_EV                           00000151
LOOP_N                            00000114
LOOP_NV                           00000147
LOOP_S                            0000012C
LOOP_SV                           0000015B
LOOP_W                            00000138
LOOP_WV                           00000165
LOW_BIT_COPPY                     00000028
MAKE_LCD_NUMBER                   000002CC
MPASM 5.76                    COMPARATOR.ASM   3-22-2018  23:42:46         PAGE 30


SYMBOL TABLE
  LABEL                             VALUE 

Main                              00000005
NE                                00000027
NEWS                              00000029
NORTH_H                           0000002A
NORTH_H_ZERO                      00000032
NORTH_L                           0000002B
NORTH_L_ZERO                      00000033
NOT_A                             00000005
NOT_ADDRESS                       00000005
NOT_BO                            00000000
NOT_BOR                           00000000
NOT_DONE                          00000002
NOT_PD                            00000003
NOT_POR                           00000001
NOT_RBPU                          00000007
NOT_RC8                           00000006
NOT_T1SYNC                        00000002
NOT_TO                            00000004
NOT_TX8                           00000006
NOT_W                             00000002
NOT_WRITE                         00000002
NW                                0000004B
OBF                               00000006
OERR                              00000001
OPTION_REG                        00000081
P                                 00000004
PCFG0                             00000000
PCFG1                             00000001
PCFG2                             00000002
PCFG3                             00000003
PCL                               00000002
PCLATH                            0000000A
PCON                              0000008E
PEIE                              00000006
PEN                               00000002
PIE1                              0000008C
PIE2                              0000008D
PIR1                              0000000C
PIR2                              0000000D
PORTA                             00000005
PORTB                             00000006
PORTC                             00000007
PORTD                             00000008
PORTE                             00000009
PR2                               00000092
PRINT_ANGLE                       00000013
PRINT_CHAR                        000002CE
PRINT_ER                          0000007B
PRINT_K_VALUES                    000002BA
PRINT_SET_ZERO                    000000FB
PROCESS_HIGH_VALUE                000001AD
PROCESS_LOWER_VALUE               000001CD
PS0                               00000000
MPASM 5.76                    COMPARATOR.ASM   3-22-2018  23:42:46         PAGE 31


SYMBOL TABLE
  LABEL                             VALUE 

PS1                               00000001
PS2                               00000002
PSA                               00000003
PSPIE                             00000007
PSPIF                             00000007
PSPMODE                           00000004
R                                 00000002
RA0                               00000000
RA1                               00000001
RA2                               00000002
RA3                               00000003
RA4                               00000004
RA5                               00000005
RB0                               00000000
RB1                               00000001
RB2                               00000002
RB3                               00000003
RB4                               00000004
RB5                               00000005
RB6                               00000006
RB7                               00000007
RBIE                              00000003
RBIF                              00000000
RC0                               00000000
RC1                               00000001
RC2                               00000002
RC3                               00000003
RC4                               00000004
RC5                               00000005
RC6                               00000006
RC7                               00000007
RC8_9                             00000006
RC9                               00000006
RCD8                              00000000
RCEN                              00000003
RCIE                              00000005
RCIF                              00000005
RCREG                             0000001A
RCSTA                             00000018
RD                                00000000
RD0                               00000000
RD1                               00000001
RD2                               00000002
RD3                               00000003
RD4                               00000004
RD5                               00000005
RD6                               00000006
RD7                               00000007
RE0                               00000000
RE1                               00000001
RE2                               00000002
READ_WRITE                        00000002
RP0                               00000005
MPASM 5.76                    COMPARATOR.ASM   3-22-2018  23:42:46         PAGE 32


SYMBOL TABLE
  LABEL                             VALUE 

RP1                               00000006
RSEN                              00000001
RX9                               00000006
RX9D                              00000000
R_NOT_W                           00000002
R_W                               00000002
S                                 00000003
SEN                               00000000
SET_ANALOG_CH0                    00000182
SET_ANALOG_CH1                    00000186
SET_ANALOG_CH2                    0000018A
SET_ANALOG_CH3                    0000018E
SET_VALUES_TO_ZERO                000000E5
SET_ZERO                          000000F6
SMP                               00000007
SOUTH_H                           0000002E
SOUTH_H_ZERO                      00000036
SOUTH_L                           0000002F
SOUTH_L_ZERO                      00000037
SPBRG                             00000099
SPEN                              00000007
SREN                              00000005
SSPADD                            00000093
SSPBUF                            00000013
SSPCON                            00000014
SSPCON2                           00000091
SSPEN                             00000005
SSPIE                             00000003
SSPIF                             00000003
SSPM0                             00000000
SSPM1                             00000001
SSPM2                             00000002
SSPM3                             00000003
SSPOV                             00000006
SSPSTAT                           00000094
START_CONVERSON                   0000019D
STATUS                            00000003
SUBSTRACT                         000000BA
SUBSTRACT_E                       000000CA
SUBSTRACT_N                       000000C1
SUBSTRACT_S                       000000D3
SUBSTRACT_W                       000000DC
SW                                0000005D
SYNC                              00000004
T                                 0000000A
T0CS                              00000005
T0IE                              00000005
T0IF                              00000002
T0SE                              00000004
T1CKPS0                           00000004
T1CKPS1                           00000005
T1CON                             00000010
T1INSYNC                          00000002
MPASM 5.76                    COMPARATOR.ASM   3-22-2018  23:42:46         PAGE 33


SYMBOL TABLE
  LABEL                             VALUE 

T1OSCEN                           00000003
T1SYNC                            00000002
T2CKPS0                           00000000
T2CKPS1                           00000001
T2CON                             00000012
T2E                               00000099
T2N                               0000008D
T2S                               000000A5
T2W                               000000B1
TIMER1                            00000020
TIMER2                            00000021
TMR0                              00000001
TMR0IE                            00000005
TMR0IF                            00000002
TMR1                              0000000E
TMR1CS                            00000001
TMR1H                             0000000F
TMR1IE                            00000000
TMR1IF                            00000000
TMR1L                             0000000E
TMR1ON                            00000000
TMR2                              00000011
TMR2IE                            00000001
TMR2IF                            00000001
TMR2ON                            00000002
TOUTPS0                           00000003
TOUTPS1                           00000004
TOUTPS2                           00000005
TOUTPS3                           00000006
TRISA                             00000085
TRISA0                            00000000
TRISA1                            00000001
TRISA2                            00000002
TRISA3                            00000003
TRISA4                            00000004
TRISA5                            00000005
TRISB                             00000086
TRISB0                            00000000
TRISB1                            00000001
TRISB2                            00000002
TRISB3                            00000003
TRISB4                            00000004
TRISB5                            00000005
TRISB6                            00000006
TRISB7                            00000007
TRISC                             00000087
TRISC0                            00000000
TRISC1                            00000001
TRISC2                            00000002
TRISC3                            00000003
TRISC4                            00000004
TRISC5                            00000005
TRISC6                            00000006
MPASM 5.76                    COMPARATOR.ASM   3-22-2018  23:42:46         PAGE 34


SYMBOL TABLE
  LABEL                             VALUE 

TRISC7                            00000007
TRISD                             00000088
TRISD0                            00000000
TRISD1                            00000001
TRISD2                            00000002
TRISD3                            00000003
TRISD4                            00000004
TRISD5                            00000005
TRISD6                            00000006
TRISD7                            00000007
TRISE                             00000089
TRISE0                            00000000
TRISE1                            00000001
TRISE2                            00000002
TRMT                              00000001
TX8_9                             00000006
TX9                               00000006
TX9D                              00000000
TXD8                              00000000
TXEN                              00000005
TXIE                              00000004
TXIF                              00000004
TXREG                             00000019
TXSTA                             00000098
UA                                00000001
W                                 00000000
WAIT                              000002D1
WCOL                              00000007
WD                                0000001F
WEST_H                            00000030
WEST_H_ZERO                       00000038
WEST_L                            00000031
WEST_L_ZERO                       00000039
WR                                00000001
WREN                              00000002
WRERR                             00000003
X                                 0000007C
Z                                 00000002
_BODEN_OFF                        00003FBF
_BODEN_ON                         00003FFF
_BOREN_OFF                        00003FBF
_BOREN_ON                         00003FFF
_CONFIG                           00002007
_CPD_OFF                          00003FFF
_CPD_ON                           00003EFF
_CP_ALL                           00001FFF
_CP_OFF                           00003FFF
_CP_ON                            00001FFF
_DEBUG_OFF                        00003FFF
_DEBUG_ON                         000037FF
_DEVID1                           00002006
_FOSC_EXTRC                       00003FFF
_FOSC_HS                          00003FFE
MPASM 5.76                    COMPARATOR.ASM   3-22-2018  23:42:46         PAGE 35


SYMBOL TABLE
  LABEL                             VALUE 

_FOSC_LP                          00003FFC
_FOSC_XT                          00003FFD
_HS_OSC                           00003FFE
_IDLOC0                           00002000
_IDLOC1                           00002001
_IDLOC2                           00002002
_IDLOC3                           00002003
_LP_OSC                           00003FFC
_LVP_OFF                          00003F7F
_LVP_ON                           00003FFF
_PWRTE_OFF                        00003FFF
_PWRTE_ON                         00003FF7
_RC_OSC                           00003FFF
_WDTE_OFF                         00003FFB
_WDTE_ON                          00003FFF
_WDT_OFF                          00003FFB
_WDT_ON                           00003FFF
_WRT_1FOURTH                      00003BFF
_WRT_256                          00003DFF
_WRT_HALF                         000039FF
_WRT_OFF                          00003FFF
_XT_OSC                           00003FFD
__16F877A                         00000001
dataSendMode                      00000260
displayClear                      0000026D
instructionMode                   0000025C
setDisplayOnOff                   00000268
setEntryModule                    00000273
setFunctions                      00000262
set_CGRAM_address                 00000278
set_DDRAM_address_to_line1        0000027D
set_DDRAM_address_to_line2        00000283
writeOnDisp                       000002AF

Errors   :     0
Warnings :     1 reported,     0 suppressed
Messages :    26 reported,     0 suppressed

